<?xml version="1.0" encoding="UTF-8" ?>
<testsuite failures="0" time="2.148" errors="0" skipped="0" tests="1" name="TestSuite">
  <properties>
    <property name="java.runtime.name" value="Java(TM) SE Runtime Environment"/>
    <property name="sun.boot.library.path" value="/System/Library/Java/JavaVirtualMachines/1.6.0.jdk/Contents/Libraries"/>
    <property name="java.vm.version" value="20.65-b04-462"/>
    <property name="awt.nativeDoubleBuffering" value="true"/>
    <property name="gopherProxySet" value="false"/>
    <property name="mrj.build" value="11M4609"/>
    <property name="java.vm.vendor" value="Apple Inc."/>
    <property name="java.vendor.url" value="http://www.apple.com/"/>
    <property name="path.separator" value=":"/>
    <property name="java.vm.name" value="Java HotSpot(TM) 64-Bit Server VM"/>
    <property name="file.encoding.pkg" value="sun.io"/>
    <property name="user.country" value="US"/>
    <property name="sun.java.launcher" value="SUN_STANDARD"/>
    <property name="sun.os.patch.level" value="unknown"/>
    <property name="java.vm.specification.name" value="Java Virtual Machine Specification"/>
    <property name="user.dir" value="/Users/AndySmith/exercise/dao"/>
    <property name="java.runtime.version" value="1.6.0_65-b14-462-11M4609"/>
    <property name="java.awt.graphicsenv" value="apple.awt.CGraphicsEnvironment"/>
    <property name="basedir" value="/Users/AndySmith/exercise/dao"/>
    <property name="java.endorsed.dirs" value="/System/Library/Java/JavaVirtualMachines/1.6.0.jdk/Contents/Home/lib/endorsed"/>
    <property name="os.arch" value="x86_64"/>
    <property name="surefire.real.class.path" value="/Users/AndySmith/exercise/dao/target/surefire/surefirebooter6940236803689430315.jar"/>
    <property name="java.io.tmpdir" value="/var/folders/ty/0c8ljv7j7gsb9gq8vkk8rysw0000gn/T/"/>
    <property name="line.separator" value="
"/>
    <property name="java.vm.specification.vendor" value="Sun Microsystems Inc."/>
    <property name="os.name" value="Mac OS X"/>
    <property name="sun.jnu.encoding" value="MacRoman"/>
    <property name="java.library.path" value="/Applications/IntelliJ IDEA 11.app/Contents/Resources/Java:/System/Library/PrivateFrameworks/JavaApplicationLauncher.framework/Resources:.:/Library/Java/Extensions:/System/Library/Java/Extensions:/usr/lib/java"/>
    <property name="surefire.test.class.path" value="/Users/AndySmith/exercise/dao/target/test-classes:/Users/AndySmith/exercise/dao/target/classes:/Users/AndySmith/exercise/model/target/model-1.0-SNAPSHOT.jar:/Users/AndySmith/.m2/repository/org/springframework/spring-core/3.2.2.RELEASE/spring-core-3.2.2.RELEASE.jar:/Users/AndySmith/.m2/repository/org/springframework/spring-beans/3.2.2.RELEASE/spring-beans-3.2.2.RELEASE.jar:/Users/AndySmith/.m2/repository/org/hibernate/hibernate-core/3.6.2.Final/hibernate-core-3.6.2.Final.jar:/Users/AndySmith/.m2/repository/antlr/antlr/2.7.6/antlr-2.7.6.jar:/Users/AndySmith/.m2/repository/dom4j/dom4j/1.6.1/dom4j-1.6.1.jar:/Users/AndySmith/.m2/repository/org/hibernate/hibernate-commons-annotations/3.2.0.Final/hibernate-commons-annotations-3.2.0.Final.jar:/Users/AndySmith/.m2/repository/org/hibernate/javax/persistence/hibernate-jpa-2.0-api/1.0.0.Final/hibernate-jpa-2.0-api-1.0.0.Final.jar:/Users/AndySmith/.m2/repository/javax/transaction/jta/1.1/jta-1.1.jar:/Users/AndySmith/.m2/repository/org/slf4j/slf4j-api/1.6.1/slf4j-api-1.6.1.jar:/Users/AndySmith/.m2/repository/net/sf/ehcache/ehcache-core/2.6.0/ehcache-core-2.6.0.jar:/Users/AndySmith/.m2/repository/net/sf/ehcache/ehcache-terracotta/2.6.0/ehcache-terracotta-2.6.0.jar:/Users/AndySmith/.m2/repository/org/terracotta/terracotta-toolkit-1.6-runtime/5.0.0/terracotta-toolkit-1.6-runtime-5.0.0.jar:/Users/AndySmith/.m2/repository/org/springframework/spring-orm/3.2.2.RELEASE/spring-orm-3.2.2.RELEASE.jar:/Users/AndySmith/.m2/repository/aopalliance/aopalliance/1.0/aopalliance-1.0.jar:/Users/AndySmith/.m2/repository/org/testng/testng/6.1.1/testng-6.1.1.jar:/Users/AndySmith/.m2/repository/junit/junit/3.8.1/junit-3.8.1.jar:/Users/AndySmith/.m2/repository/org/beanshell/bsh/2.0b4/bsh-2.0b4.jar:/Users/AndySmith/.m2/repository/com/beust/jcommander/1.12/jcommander-1.12.jar:/Users/AndySmith/.m2/repository/org/yaml/snakeyaml/1.6/snakeyaml-1.6.jar:/Users/AndySmith/.m2/repository/com/h2database/h2/1.3.174/h2-1.3.174.jar:/Users/AndySmith/.m2/repository/org/springframework/spring-test/2.5.6.SEC01/spring-test-2.5.6.SEC01.jar:/Users/AndySmith/.m2/repository/commons-logging/commons-logging/1.1.1/commons-logging-1.1.1.jar:/Users/AndySmith/.m2/repository/org/springframework/spring-webmvc/3.2.2.RELEASE/spring-webmvc-3.2.2.RELEASE.jar:/Users/AndySmith/.m2/repository/org/springframework/spring-context/3.2.2.RELEASE/spring-context-3.2.2.RELEASE.jar:/Users/AndySmith/.m2/repository/org/springframework/spring-aop/3.2.2.RELEASE/spring-aop-3.2.2.RELEASE.jar:/Users/AndySmith/.m2/repository/org/springframework/spring-expression/3.2.2.RELEASE/spring-expression-3.2.2.RELEASE.jar:/Users/AndySmith/.m2/repository/org/springframework/spring-web/3.2.2.RELEASE/spring-web-3.2.2.RELEASE.jar:/Users/AndySmith/.m2/repository/commons-dbcp/commons-dbcp/1.0/commons-dbcp-1.0.jar:/Users/AndySmith/.m2/repository/commons-lang/commons-lang/1.0-b1/commons-lang-1.0-b1.jar:/Users/AndySmith/.m2/repository/commons-pool/commons-pool/1.0/commons-pool-1.0.jar:/Users/AndySmith/.m2/repository/javax/sql/jdbc-stdext/2.0/jdbc-stdext-2.0.jar:/Users/AndySmith/.m2/repository/xml-apis/xml-apis/1.0.b2/xml-apis-1.0.b2.jar:/Users/AndySmith/.m2/repository/commons-collections/commons-collections/3.0/commons-collections-3.0.jar:/Users/AndySmith/.m2/repository/javassist/javassist/3.12.1.GA/javassist-3.12.1.GA.jar:/Users/AndySmith/.m2/repository/org/springframework/spring-jdbc/3.2.2.RELEASE/spring-jdbc-3.2.2.RELEASE.jar:/Users/AndySmith/.m2/repository/org/springframework/spring-tx/3.2.2.RELEASE/spring-tx-3.2.2.RELEASE.jar:/Users/AndySmith/.m2/repository/cglib/cglib/2.2/cglib-2.2.jar:/Users/AndySmith/.m2/repository/asm/asm/3.1/asm-3.1.jar:/Users/AndySmith/.m2/repository/com/microsoft/sqlserver/sqljdbc4/3.0/sqljdbc4-3.0.jar:/Users/AndySmith/.m2/repository/mysql/mysql-connector-java/5.1.13/mysql-connector-java-5.1.13.jar:"/>
    <property name="java.specification.name" value="Java Platform API Specification"/>
    <property name="java.class.version" value="50.0"/>
    <property name="sun.management.compiler" value="HotSpot 64-Bit Tiered Compilers"/>
    <property name="os.version" value="10.7.5"/>
    <property name="http.nonProxyHosts" value="local|*.local|169.254/16|*.169.254/16"/>
    <property name="user.home" value="/Users/AndySmith"/>
    <property name="user.timezone" value="Europe/London"/>
    <property name="java.awt.printerjob" value="apple.awt.CPrinterJob"/>
    <property name="java.specification.version" value="1.6"/>
    <property name="file.encoding" value="MacRoman"/>
    <property name="user.name" value="AndySmith"/>
    <property name="java.class.path" value="/Users/AndySmith/exercise/dao/target/test-classes:/Users/AndySmith/exercise/dao/target/classes:/Users/AndySmith/exercise/model/target/model-1.0-SNAPSHOT.jar:/Users/AndySmith/.m2/repository/org/springframework/spring-core/3.2.2.RELEASE/spring-core-3.2.2.RELEASE.jar:/Users/AndySmith/.m2/repository/org/springframework/spring-beans/3.2.2.RELEASE/spring-beans-3.2.2.RELEASE.jar:/Users/AndySmith/.m2/repository/org/hibernate/hibernate-core/3.6.2.Final/hibernate-core-3.6.2.Final.jar:/Users/AndySmith/.m2/repository/antlr/antlr/2.7.6/antlr-2.7.6.jar:/Users/AndySmith/.m2/repository/dom4j/dom4j/1.6.1/dom4j-1.6.1.jar:/Users/AndySmith/.m2/repository/org/hibernate/hibernate-commons-annotations/3.2.0.Final/hibernate-commons-annotations-3.2.0.Final.jar:/Users/AndySmith/.m2/repository/org/hibernate/javax/persistence/hibernate-jpa-2.0-api/1.0.0.Final/hibernate-jpa-2.0-api-1.0.0.Final.jar:/Users/AndySmith/.m2/repository/javax/transaction/jta/1.1/jta-1.1.jar:/Users/AndySmith/.m2/repository/org/slf4j/slf4j-api/1.6.1/slf4j-api-1.6.1.jar:/Users/AndySmith/.m2/repository/net/sf/ehcache/ehcache-core/2.6.0/ehcache-core-2.6.0.jar:/Users/AndySmith/.m2/repository/net/sf/ehcache/ehcache-terracotta/2.6.0/ehcache-terracotta-2.6.0.jar:/Users/AndySmith/.m2/repository/org/terracotta/terracotta-toolkit-1.6-runtime/5.0.0/terracotta-toolkit-1.6-runtime-5.0.0.jar:/Users/AndySmith/.m2/repository/org/springframework/spring-orm/3.2.2.RELEASE/spring-orm-3.2.2.RELEASE.jar:/Users/AndySmith/.m2/repository/aopalliance/aopalliance/1.0/aopalliance-1.0.jar:/Users/AndySmith/.m2/repository/org/testng/testng/6.1.1/testng-6.1.1.jar:/Users/AndySmith/.m2/repository/junit/junit/3.8.1/junit-3.8.1.jar:/Users/AndySmith/.m2/repository/org/beanshell/bsh/2.0b4/bsh-2.0b4.jar:/Users/AndySmith/.m2/repository/com/beust/jcommander/1.12/jcommander-1.12.jar:/Users/AndySmith/.m2/repository/org/yaml/snakeyaml/1.6/snakeyaml-1.6.jar:/Users/AndySmith/.m2/repository/com/h2database/h2/1.3.174/h2-1.3.174.jar:/Users/AndySmith/.m2/repository/org/springframework/spring-test/2.5.6.SEC01/spring-test-2.5.6.SEC01.jar:/Users/AndySmith/.m2/repository/commons-logging/commons-logging/1.1.1/commons-logging-1.1.1.jar:/Users/AndySmith/.m2/repository/org/springframework/spring-webmvc/3.2.2.RELEASE/spring-webmvc-3.2.2.RELEASE.jar:/Users/AndySmith/.m2/repository/org/springframework/spring-context/3.2.2.RELEASE/spring-context-3.2.2.RELEASE.jar:/Users/AndySmith/.m2/repository/org/springframework/spring-aop/3.2.2.RELEASE/spring-aop-3.2.2.RELEASE.jar:/Users/AndySmith/.m2/repository/org/springframework/spring-expression/3.2.2.RELEASE/spring-expression-3.2.2.RELEASE.jar:/Users/AndySmith/.m2/repository/org/springframework/spring-web/3.2.2.RELEASE/spring-web-3.2.2.RELEASE.jar:/Users/AndySmith/.m2/repository/commons-dbcp/commons-dbcp/1.0/commons-dbcp-1.0.jar:/Users/AndySmith/.m2/repository/commons-lang/commons-lang/1.0-b1/commons-lang-1.0-b1.jar:/Users/AndySmith/.m2/repository/commons-pool/commons-pool/1.0/commons-pool-1.0.jar:/Users/AndySmith/.m2/repository/javax/sql/jdbc-stdext/2.0/jdbc-stdext-2.0.jar:/Users/AndySmith/.m2/repository/xml-apis/xml-apis/1.0.b2/xml-apis-1.0.b2.jar:/Users/AndySmith/.m2/repository/commons-collections/commons-collections/3.0/commons-collections-3.0.jar:/Users/AndySmith/.m2/repository/javassist/javassist/3.12.1.GA/javassist-3.12.1.GA.jar:/Users/AndySmith/.m2/repository/org/springframework/spring-jdbc/3.2.2.RELEASE/spring-jdbc-3.2.2.RELEASE.jar:/Users/AndySmith/.m2/repository/org/springframework/spring-tx/3.2.2.RELEASE/spring-tx-3.2.2.RELEASE.jar:/Users/AndySmith/.m2/repository/cglib/cglib/2.2/cglib-2.2.jar:/Users/AndySmith/.m2/repository/asm/asm/3.1/asm-3.1.jar:/Users/AndySmith/.m2/repository/com/microsoft/sqlserver/sqljdbc4/3.0/sqljdbc4-3.0.jar:/Users/AndySmith/.m2/repository/mysql/mysql-connector-java/5.1.13/mysql-connector-java-5.1.13.jar:"/>
    <property name="java.vm.specification.version" value="1.0"/>
    <property name="sun.arch.data.model" value="64"/>
    <property name="java.home" value="/System/Library/Java/JavaVirtualMachines/1.6.0.jdk/Contents/Home"/>
    <property name="sun.java.command" value="/Users/AndySmith/exercise/dao/target/surefire/surefirebooter6940236803689430315.jar /Users/AndySmith/exercise/dao/target/surefire/surefire3512301036227830671tmp /Users/AndySmith/exercise/dao/target/surefire/surefire2336811969974864602tmp"/>
    <property name="java.specification.vendor" value="Sun Microsystems Inc."/>
    <property name="user.language" value="en"/>
    <property name="awt.toolkit" value="apple.awt.CToolkit"/>
    <property name="java.vm.info" value="mixed mode"/>
    <property name="java.version" value="1.6.0_65"/>
    <property name="java.ext.dirs" value="/Library/Java/Extensions:/System/Library/Java/Extensions:/System/Library/Java/JavaVirtualMachines/1.6.0.jdk/Contents/Home/lib/ext"/>
    <property name="sun.boot.class.path" value="/System/Library/Java/JavaVirtualMachines/1.6.0.jdk/Contents/Classes/jsfd.jar:/System/Library/Java/JavaVirtualMachines/1.6.0.jdk/Contents/Classes/classes.jar:/System/Library/Frameworks/JavaVM.framework/Frameworks/JavaRuntimeSupport.framework/Resources/Java/JavaRuntimeSupport.jar:/System/Library/Java/JavaVirtualMachines/1.6.0.jdk/Contents/Classes/ui.jar:/System/Library/Java/JavaVirtualMachines/1.6.0.jdk/Contents/Classes/laf.jar:/System/Library/Java/JavaVirtualMachines/1.6.0.jdk/Contents/Classes/sunrsasign.jar:/System/Library/Java/JavaVirtualMachines/1.6.0.jdk/Contents/Classes/jsse.jar:/System/Library/Java/JavaVirtualMachines/1.6.0.jdk/Contents/Classes/jce.jar:/System/Library/Java/JavaVirtualMachines/1.6.0.jdk/Contents/Classes/charsets.jar"/>
    <property name="java.vendor" value="Apple Inc."/>
    <property name="localRepository" value="/Users/AndySmith/.m2/repository"/>
    <property name="file.separator" value="/"/>
    <property name="java.vendor.url.bug" value="http://bugreport.apple.com/"/>
    <property name="sun.cpu.endian" value="little"/>
    <property name="sun.io.unicode.encoding" value="UnicodeLittle"/>
    <property name="mrj.version" value="1070.1.6.0_65-462"/>
    <property name="socksNonProxyHosts" value="local|*.local|169.254/16|*.169.254/16"/>
    <property name="ftp.nonProxyHosts" value="local|*.local|169.254/16|*.169.254/16"/>
    <property name="sun.cpu.isalist" value=""/>
  </properties>
  <testcase time="0.041" classname="exercise.ContactDaoTest" name="searchContacts"/>
</testsuite>